[21:55:13.181] [INFO] storybook v10.2.12
[21:55:14.311] [DEBUG] Getting package.json info for /Users/preet/kachhia_preet_ui_garden/package.json...
[21:55:14.991] [DEBUG] Serving static files from [36mpublic[39m at [36m/[39m
[21:55:14.991] [INFO] Starting...
[21:55:15.170] [DEBUG] Starting preview..
[21:55:15.179] [INFO] Loading Webpack configuration from `node_modules/react-scripts`
[21:55:15.179] [INFO] Removing existing JavaScript and TypeScript rules.
[21:55:15.984] [INFO] Modifying Create React App rules.
[21:55:15.991] [INFO] Addon-docs: using MDX3
[21:55:16.026] [INFO] Using default Webpack5 setup
[21:55:16.832] [DEBUG] Using tsconfig paths for react-docgen
[21:55:21.526] [ERROR] Failed to build the preview
[21:55:21.531] [WARN] Force closed preview build
[21:55:21.533] [ERROR] [38;2;241;97;97mSB_BUILDER-WEBPACK5_0003 (WebpackCompilationError): There were problems when compiling your code with Webpack.
Run Storybook with --debug-webpack for more information.[39m
    at starter (file://./node_modules/@storybook/builder-webpack5/dist/index.js:799:11)
    at starter.next (<anonymous>)
    at Module.start (file://./node_modules/@storybook/builder-webpack5/dist/index.js:857:34)
    at process.processTicksAndRejections (node:internal/process/task_queues:103:5)
    at async storybookDevServer (file://./node_modules/storybook/dist/core-server/index.js:7241:83)
    at async buildOrThrow (file://./node_modules/storybook/dist/core-server/index.js:4504:12)
    at async buildDevStandalone (file://./node_modules/storybook/dist/core-server/index.js:7611:66)
    at async withTelemetry (file://./node_modules/storybook/dist/_node-chunks/chunk-6JM2KRWM.js:218:12)
    at async dev (file://./node_modules/storybook/dist/bin/core.js:2734:3)
    at async _Command.<anonymous> (file://./node_modules/storybook/dist/bin/core.js:2803:92)
[21:55:21.535] [WARN] Broken build, fix the error above.
You may need to refresh the browser.